<?xml version="1.0" encoding="UTF-8"?>
<!-- Generated by org.testng.reporters.JUnitReportReporter -->
<testsuite hostname="ShekharAsusLaptop" failures="0" tests="1" name="testcases.Test1" time="9.587" errors="0" timestamp="2021-07-01T19:11:17 IST" skipped="0">
  <testcase classname="testcases.Test1" name="question1" time="9.587"/>
  <system-out/>
</testsuite> <!-- testcases.Test1 -->
