<?xml version="1.0" encoding="UTF-8"?>
<!-- Generated by org.testng.reporters.JUnitReportReporter -->
<testsuite hostname="ShekharAsusLaptop" failures="0" tests="1" name="get.StoreResponseHeader" time="3.902" errors="0" timestamp="2021-07-01T23:20:29 IST" skipped="0">
  <testcase classname="get.StoreResponseHeader" name="storeResponseHeader" time="3.902"/>
  <system-out/>
</testsuite> <!-- get.StoreResponseHeader -->
