<?xml version="1.0" encoding="UTF-8"?>
<!-- Generated by org.testng.reporters.JUnitReportReporter -->
<testsuite hostname="ShekharAsusLaptop" failures="0" tests="1" name="get.Get" time="4.650" errors="0" timestamp="2021-07-01T22:54:00 IST" skipped="0">
  <testcase classname="get.Get" name="getRequest" time="4.650"/>
  <system-out/>
</testsuite> <!-- get.Get -->
